<?xml version="1.0" encoding="utf-8"?><testsuites name="pytest tests"><testsuite name="pytest" errors="0" failures="0" skipped="0" tests="14" time="3.711" timestamp="2026-03-11T21:13:20.724403+00:00" hostname="agent-env-940c997b-0e0a-42ea-b917-35977c6e452b"><testcase classname="backend.tests.test_admissions.TestIndividualNeeds" name="test_submit_individual_needs_success" time="0.289" /><testcase classname="backend.tests.test_admissions.TestIndividualNeeds" name="test_submit_individual_needs_without_gdpr_consent" time="1.434" /><testcase classname="backend.tests.test_admissions.TestIndividualNeeds" name="test_submit_individual_needs_missing_required_fields" time="0.122" /><testcase classname="backend.tests.test_admissions.TestOrganisationNeeds" name="test_submit_organisation_needs_success" time="0.168" /><testcase classname="backend.tests.test_admissions.TestOrganisationNeeds" name="test_submit_organisation_needs_without_gdpr_consent" time="0.115" /><testcase classname="backend.tests.test_admissions.TestPreEnrolment" name="test_submit_pre_enrolment_success" time="0.130" /><testcase classname="backend.tests.test_admissions.TestPreEnrolment" name="test_submit_pre_enrolment_without_gdpr" time="0.146" /><testcase classname="backend.tests.test_admissions.TestPreEnrolment" name="test_submit_pre_enrolment_without_cgv" time="0.167" /><testcase classname="backend.tests.test_admissions.TestApplicationStatus" name="test_check_status_success" time="0.319" /><testcase classname="backend.tests.test_admissions.TestApplicationStatus" name="test_check_status_not_found" time="0.143" /><testcase classname="backend.tests.test_admissions.TestPrerequisiteAssessment" name="test_submit_prerequisite_assessment_success" time="0.127" /><testcase classname="backend.tests.test_admissions.TestReferenceNumberFormats" name="test_individual_reference_format" time="0.208" /><testcase classname="backend.tests.test_admissions.TestReferenceNumberFormats" name="test_organisation_reference_format" time="0.128" /><testcase classname="backend.tests.test_admissions.TestReferenceNumberFormats" name="test_enrolment_reference_format" time="0.129" /></testsuite></testsuites>