<?xml version="1.0" encoding="utf-8"?><testsuites name="pytest tests"><testsuite name="pytest" errors="0" failures="0" skipped="0" tests="10" time="3.352" timestamp="2026-03-11T20:47:20.820004+00:00" hostname="agent-env-940c997b-0e0a-42ea-b917-35977c6e452b"><testcase classname="backend.tests.test_world_of_haiku.TestWorldOfHaikuQuoteAPI" name="test_submit_quote_success" time="0.164" /><testcase classname="backend.tests.test_world_of_haiku.TestWorldOfHaikuQuoteAPI" name="test_submit_quote_without_message" time="0.172" /><testcase classname="backend.tests.test_world_of_haiku.TestWorldOfHaikuQuoteAPI" name="test_submit_quote_missing_required_field" time="0.146" /><testcase classname="backend.tests.test_world_of_haiku.TestWorldOfHaikuQuoteAPI" name="test_submit_quote_invalid_email" time="0.169" /><testcase classname="backend.tests.test_world_of_haiku.TestWorldOfHaikuQuoteAPI" name="test_submit_quote_empty_organisation_name" time="0.119" /><testcase classname="backend.tests.test_world_of_haiku.TestWorldOfHaikuQuoteAPI" name="test_get_quotes_endpoint" time="0.116" /><testcase classname="backend.tests.test_world_of_haiku.TestWorldOfHaikuQuoteAPI" name="test_quote_data_persistence" time="0.306" /><testcase classname="backend.tests.test_world_of_haiku.TestWorldOfHaikuQuoteAPI" name="test_all_organisation_types" time="1.122" /><testcase classname="backend.tests.test_world_of_haiku.TestWorldOfHaikuQuoteAPI" name="test_all_licence_ranges" time="0.835" /><testcase classname="backend.tests.test_world_of_haiku.TestAPIAccessibility" name="test_quotes_endpoint_accessible" time="0.141" /></testsuite></testsuites>